09:19:46 **** Incremental Build of configuration Nios II for project USB_MIDI_AUDIO_SYNTH ****
make all 
Info: Building ../USB_MIDI_AUDIO_SYNTH_bsp/
C:/intelFPGA_lite/18.1/nios2eds/bin/gnu/H-x86_64-mingw32/bin/make --no-print-directory -C ../USB_MIDI_AUDIO_SYNTH_bsp/
[BSP build complete]
Info: Compiling main.cpp to obj/default/main.o
nios2-elf-gcc -xc++ -MP -MMD -c -I../USB_MIDI_AUDIO_SYNTH_bsp//HAL/inc -I../USB_MIDI_AUDIO_SYNTH_bsp/ -I../USB_MIDI_AUDIO_SYNTH_bsp//drivers/inc  -pipe -D__hal__ -DALT_NO_INSTRUCTION_EMULATION -DALT_SINGLE_THREADED      -O0 -g -Wall   -mno-hw-div -mno-hw-mul -mno-hw-mulx -mgpopt=global  -o obj/default/main.o main.cpp
In file included from main.cpp:13:0:
include/usbh_midi.h:151:37: warning: non-static data member initializers only available with -std=c++11 or -std=gnu++11
         void (*pFuncOnInit)(void) = 0; // Pointer to function called in onInit()
                                     ^
In file included from main.cpp:14:0:
include/audio_synth.h:26:44: warning: 'synth' defined but not used [-Wunused-variable]
 static volatile struct AUDIO_SYNTH_STRUCT* synth = (AUDIO_SYNTH_STRUCT *) AUDIO_BASE;
                                            ^
Info: Linking USB_MIDI_AUDIO_SYNTH.elf
nios2-elf-g++  -T'../USB_MIDI_AUDIO_SYNTH_bsp//linker.x' -msys-crt0='../USB_MIDI_AUDIO_SYNTH_bsp//obj/HAL/src/crt0.o' -msys-lib=hal_bsp -L../USB_MIDI_AUDIO_SYNTH_bsp/   -Wl,-Map=USB_MIDI_AUDIO_SYNTH.map   -O0 -g -Wall   -mno-hw-div -mno-hw-mul -mno-hw-mulx -mgpopt=global  -o USB_MIDI_AUDIO_SYNTH.elf obj/default/include/Port.o obj/default/include/SPI.o obj/default/include/Usb.o obj/default/include/XBOXONE.o obj/default/include/audio_synth.o obj/default/include/hidboot.o obj/default/include/message.o obj/default/include/parsetools.o obj/default/include/sgtl5000.o obj/default/include/usbh_midi.o obj/default/include/usbhid.o obj/default/include/usbhost.o obj/default/main.o -lm -msys-lib=m
nios2-elf-insert USB_MIDI_AUDIO_SYNTH.elf --thread_model hal --cpu_name nios2 --qsys true --simulation_enabled false --id 0 --sidp 0x4001270 --timestamp 1651646734 --stderr_dev jtag_uart_0 --stdin_dev jtag_uart_0 --stdout_dev jtag_uart_0 --sopc_system_name USB_MIDI_AUDIO_SYNTH --quartus_project_dir "C:/Users/dpipe/OneDrive/School/ECE385/Final" --jdi ../..//output_files/USB_MIDI_AUDIO_SYNTH.jdi --sopcinfo C:/Users/dpipe/OneDrive/School/ECE385/Final/software/USB_MIDI_AUDIO_SYNTH_bsp/../../USB_MIDI_AUDIO_SYNTH.sopcinfo
Info: (USB_MIDI_AUDIO_SYNTH.elf) 184 KBytes program size (code + initialized data).
Info:                            65339 KBytes free for stack + heap.
Info: Creating USB_MIDI_AUDIO_SYNTH.objdump
nios2-elf-objdump --disassemble --syms --all-header --source USB_MIDI_AUDIO_SYNTH.elf >USB_MIDI_AUDIO_SYNTH.objdump
[USB_MIDI_AUDIO_SYNTH build complete]

09:19:53 Build Finished (took 7s.38ms)

