Flow report for USB_MIDI_AUDIO_SYNTH
Fri Apr 22 21:02:37 2022
Quartus Prime Version 18.1.0 Build 625 09/12/2018 SJ Lite Edition


---------------------
; Table of Contents ;
---------------------
  1. Legal Notice
  2. Flow Summary
  3. Flow Settings
  4. Flow Non-Default Global Settings
  5. Flow Elapsed Time
  6. Flow OS Summary
  7. Flow Log
  8. Flow Messages
  9. Flow Suppressed Messages



----------------
; Legal Notice ;
----------------
Copyright (C) 2018  Intel Corporation. All rights reserved.
Your use of Intel Corporation's design tools, logic functions 
and other software and tools, and its AMPP partner logic 
functions, and any output files from any of the foregoing 
(including device programming or simulation files), and any 
associated documentation or information are expressly subject 
to the terms and conditions of the Intel Program License 
Subscription Agreement, the Intel Quartus Prime License Agreement,
the Intel FPGA IP License Agreement, or other applicable license
agreement, including, without limitation, that your use is for
the sole purpose of programming logic devices manufactured by
Intel and sold by Intel or its authorized distributors.  Please
refer to the applicable agreement for further details.



+----------------------------------------------------------------------------------+
; Flow Summary                                                                     ;
+------------------------------------+---------------------------------------------+
; Flow Status                        ; Successful - Fri Apr 22 21:02:37 2022       ;
; Quartus Prime Version              ; 18.1.0 Build 625 09/12/2018 SJ Lite Edition ;
; Revision Name                      ; USB_MIDI_AUDIO_SYNTH                        ;
; Top-level Entity Name              ; TOP                                         ;
; Family                             ; MAX 10                                      ;
; Device                             ; 10M50DAF484C7G                              ;
; Timing Models                      ; Final                                       ;
; Total logic elements               ; 4,567 / 49,760 ( 9 % )                      ;
;     Total combinational functions  ; 4,107 / 49,760 ( 8 % )                      ;
;     Dedicated logic registers      ; 2,661 / 49,760 ( 5 % )                      ;
; Total registers                    ; 2730                                        ;
; Total pins                         ; 143 / 360 ( 40 % )                          ;
; Total virtual pins                 ; 0                                           ;
; Total memory bits                  ; 154,184 / 1,677,312 ( 9 % )                 ;
; Embedded Multiplier 9-bit elements ; 0 / 288 ( 0 % )                             ;
; Total PLLs                         ; 1 / 4 ( 25 % )                              ;
; UFM blocks                         ; 0 / 1 ( 0 % )                               ;
; ADC blocks                         ; 0 / 2 ( 0 % )                               ;
+------------------------------------+---------------------------------------------+


+------------------------------------------+
; Flow Settings                            ;
+-------------------+----------------------+
; Option            ; Setting              ;
+-------------------+----------------------+
; Start date & time ; 04/22/2022 21:00:02  ;
; Main task         ; Compilation          ;
; Revision Name     ; USB_MIDI_AUDIO_SYNTH ;
+-------------------+----------------------+


+--------------------------------------------------------------------------------------------------------------------------------------------------------------------------+
; Flow Non-Default Global Settings                                                                                                                                         ;
+-------------------------------------+------------------------------------------------------------------------+----------------------+-------------------+----------------+
; Assignment Name                     ; Value                                                                  ; Default Value        ; Entity Name       ; Section Id     ;
+-------------------------------------+------------------------------------------------------------------------+----------------------+-------------------+----------------+
; COMPILER_SIGNATURE_ID               ; 119438745853114.165067920123788                                        ; --                   ; --                ; --             ;
; EDA_OUTPUT_DATA_FORMAT              ; Systemverilog Hdl                                                      ; --                   ; --                ; eda_simulation ;
; EDA_SIMULATION_TOOL                 ; ModelSim-Altera (SystemVerilog)                                        ; <None>               ; --                ; --             ;
; EDA_TIME_SCALE                      ; 1 ps                                                                   ; --                   ; --                ; eda_simulation ;
; ENABLE_SIGNALTAP                    ; Off                                                                    ; --                   ; --                ; --             ;
; MAX_CORE_JUNCTION_TEMP              ; 85                                                                     ; --                   ; --                ; --             ;
; MIN_CORE_JUNCTION_TEMP              ; 0                                                                      ; --                   ; --                ; --             ;
; MISC_FILE                           ; USB_MIDI_AUDIO_SYNTH/synthesis/../USB_MIDI_AUDIO_SYNTH.cmp             ; --                   ; --                ; --             ;
; MISC_FILE                           ; USB_MIDI_AUDIO_SYNTH/synthesis/../../USB_MIDI_AUDIO_SYNTH.qsys         ; --                   ; --                ; --             ;
; MISC_FILE                           ; FIFO_bb.v                                                              ; --                   ; --                ; --             ;
; NUM_PARALLEL_PROCESSORS             ; 4                                                                      ; --                   ; --                ; --             ;
; OUTPUT_IO_TIMING_FAR_END_VMEAS      ; Half Signal Swing                                                      ; --                   ; --                ; --             ;
; OUTPUT_IO_TIMING_FAR_END_VMEAS      ; Half Signal Swing                                                      ; --                   ; --                ; --             ;
; OUTPUT_IO_TIMING_NEAR_END_VMEAS     ; Half Vccio                                                             ; --                   ; --                ; --             ;
; OUTPUT_IO_TIMING_NEAR_END_VMEAS     ; Half Vccio                                                             ; --                   ; --                ; --             ;
; PARTITION_COLOR                     ; -- (Not supported for targeted family)                                 ; --                   ; DE10_LITE_Default ; Top            ;
; PARTITION_COLOR                     ; -- (Not supported for targeted family)                                 ; --                   ; TOP               ; Top            ;
; PARTITION_FITTER_PRESERVATION_LEVEL ; -- (Not supported for targeted family)                                 ; --                   ; DE10_LITE_Default ; Top            ;
; PARTITION_FITTER_PRESERVATION_LEVEL ; -- (Not supported for targeted family)                                 ; --                   ; TOP               ; Top            ;
; PARTITION_NETLIST_TYPE              ; -- (Not supported for targeted family)                                 ; --                   ; DE10_LITE_Default ; Top            ;
; PARTITION_NETLIST_TYPE              ; -- (Not supported for targeted family)                                 ; --                   ; TOP               ; Top            ;
; POWER_BOARD_THERMAL_MODEL           ; None (CONSERVATIVE)                                                    ; --                   ; --                ; --             ;
; POWER_PRESET_COOLING_SOLUTION       ; 23 MM HEAT SINK WITH 200 LFPM AIRFLOW                                  ; --                   ; --                ; --             ;
; PROJECT_OUTPUT_DIRECTORY            ; output_files                                                           ; --                   ; --                ; --             ;
; SLD_FILE                            ; USB_MIDI_AUDIO_SYNTH/synthesis/USB_MIDI_AUDIO_SYNTH.regmap             ; --                   ; --                ; --             ;
; SLD_FILE                            ; USB_MIDI_AUDIO_SYNTH/synthesis/USB_MIDI_AUDIO_SYNTH.debuginfo          ; --                   ; --                ; --             ;
; SLD_INFO                            ; QSYS_NAME USB_MIDI_AUDIO_SYNTH HAS_SOPCINFO 1 GENERATION_ID 1650179283 ; --                   ; --                ; --             ;
; SOPCINFO_FILE                       ; USB_MIDI_AUDIO_SYNTH/synthesis/../../USB_MIDI_AUDIO_SYNTH.sopcinfo     ; --                   ; --                ; --             ;
; SYNTHESIS_ONLY_QIP                  ; On                                                                     ; --                   ; --                ; --             ;
; TOP_LEVEL_ENTITY                    ; TOP                                                                    ; USB_MIDI_AUDIO_SYNTH ; --                ; --             ;
; USE_SIGNALTAP_FILE                  ; stp2.stp                                                               ; --                   ; --                ; --             ;
+-------------------------------------+------------------------------------------------------------------------+----------------------+-------------------+----------------+


+--------------------------------------------------------------------------------------------------------------------------+
; Flow Elapsed Time                                                                                                        ;
+----------------------+--------------+-------------------------+---------------------+------------------------------------+
; Module Name          ; Elapsed Time ; Average Processors Used ; Peak Virtual Memory ; Total CPU Time (on all processors) ;
+----------------------+--------------+-------------------------+---------------------+------------------------------------+
; Analysis & Synthesis ; 00:01:05     ; 1.0                     ; 5001 MB             ; 00:01:37                           ;
; Fitter               ; 00:00:58     ; 1.3                     ; 5801 MB             ; 00:01:39                           ;
; Assembler            ; 00:00:05     ; 1.0                     ; 4707 MB             ; 00:00:05                           ;
; Timing Analyzer      ; 00:00:10     ; 1.8                     ; 4894 MB             ; 00:00:16                           ;
; EDA Netlist Writer   ; 00:00:04     ; 1.0                     ; 4740 MB             ; 00:00:04                           ;
; Total                ; 00:02:22     ; --                      ; --                  ; 00:03:41                           ;
+----------------------+--------------+-------------------------+---------------------+------------------------------------+


+------------------------------------------------------------------------------------+
; Flow OS Summary                                                                    ;
+----------------------+------------------+------------+------------+----------------+
; Module Name          ; Machine Hostname ; OS Name    ; OS Version ; Processor type ;
+----------------------+------------------+------------+------------+----------------+
; Analysis & Synthesis ; DPiper-Laptop    ; Windows 10 ; 10.0       ; x86_64         ;
; Fitter               ; DPiper-Laptop    ; Windows 10 ; 10.0       ; x86_64         ;
; Assembler            ; DPiper-Laptop    ; Windows 10 ; 10.0       ; x86_64         ;
; Timing Analyzer      ; DPiper-Laptop    ; Windows 10 ; 10.0       ; x86_64         ;
; EDA Netlist Writer   ; DPiper-Laptop    ; Windows 10 ; 10.0       ; x86_64         ;
+----------------------+------------------+------------+------------+----------------+


------------
; Flow Log ;
------------
quartus_map --read_settings_files=on --write_settings_files=off USB_MIDI_AUDIO_SYNTH -c USB_MIDI_AUDIO_SYNTH
quartus_fit --read_settings_files=off --write_settings_files=off USB_MIDI_AUDIO_SYNTH -c USB_MIDI_AUDIO_SYNTH
quartus_asm --read_settings_files=off --write_settings_files=off USB_MIDI_AUDIO_SYNTH -c USB_MIDI_AUDIO_SYNTH
quartus_sta USB_MIDI_AUDIO_SYNTH -c USB_MIDI_AUDIO_SYNTH
quartus_eda --read_settings_files=off --write_settings_files=off USB_MIDI_AUDIO_SYNTH -c USB_MIDI_AUDIO_SYNTH



